<?xml version="1.0" encoding="UTF-8"?>
<testng-results ignored="0" total="2" passed="1" failed="1" skipped="0">
  <reporter-output>
  </reporter-output>
  <suite started-at="2022-01-23T10:20:28 WIB" name="Default suite" finished-at="2022-01-23T10:20:51 WIB" duration-ms="23344">
    <groups>
    </groups>
    <test started-at="2022-01-23T10:20:28 WIB" name="Default test" finished-at="2022-01-23T10:20:51 WIB" duration-ms="23344">
      <class name="com.juaracoding.slappium.LoginTest">
        <test-method is-config="true" signature="setupDeviceCapabilities()[pri:0, instance:com.juaracoding.slappium.LoginTest@69b2283a]" started-at="2022-01-23T10:20:27 WIB" name="setupDeviceCapabilities" finished-at="2022-01-23T10:20:28 WIB" duration-ms="9" status="PASS">
          <reporter-output>
          </reporter-output>
        </test-method> <!-- setupDeviceCapabilities -->
        <test-method is-config="true" signature="init()[pri:0, instance:com.juaracoding.slappium.LoginTest@69b2283a]" started-at="2022-01-23T10:20:28 WIB" name="init" finished-at="2022-01-23T10:20:28 WIB" duration-ms="305" status="PASS">
          <reporter-output>
          </reporter-output>
        </test-method> <!-- init -->
        <test-method is-config="true" signature="spinUpAndroidDriver()[pri:0, instance:com.juaracoding.slappium.LoginTest@69b2283a]" started-at="2022-01-23T10:20:28 WIB" name="spinUpAndroidDriver" finished-at="2022-01-23T10:20:35 WIB" duration-ms="7074" status="PASS">
          <reporter-output>
          </reporter-output>
        </test-method> <!-- spinUpAndroidDriver -->
        <test-method signature="test01ValidLogin()[pri:0, instance:com.juaracoding.slappium.LoginTest@69b2283a]" started-at="2022-01-23T10:20:35 WIB" name="test01ValidLogin" description="Verify that a user can login to the application with valid credentials" finished-at="2022-01-23T10:20:40 WIB" duration-ms="4635" status="PASS">
          <reporter-output>
          </reporter-output>
        </test-method> <!-- test01ValidLogin -->
        <test-method is-config="true" signature="getResult(org.testng.ITestResult)[pri:0, instance:com.juaracoding.slappium.LoginTest@69b2283a]" started-at="2022-01-23T10:20:40 WIB" name="getResult" finished-at="2022-01-23T10:20:40 WIB" duration-ms="5" status="PASS">
          <params>
            <param index="0">
              <value>
                <![CDATA[[TestResult name=test01ValidLogin status=SUCCESS method=LoginTest.test01ValidLogin()[pri:0, instance:com.juaracoding.slappium.LoginTest@69b2283a] output={null}]]]>
              </value>
            </param>
          </params>
          <reporter-output>
          </reporter-output>
        </test-method> <!-- getResult -->
        <test-method is-config="true" signature="spinUpAndroidDriver()[pri:0, instance:com.juaracoding.slappium.LoginTest@69b2283a]" started-at="2022-01-23T10:20:40 WIB" name="spinUpAndroidDriver" finished-at="2022-01-23T10:20:46 WIB" duration-ms="6719" status="PASS">
          <reporter-output>
          </reporter-output>
        </test-method> <!-- spinUpAndroidDriver -->
        <test-method signature="test02InvalidLogin()[pri:0, instance:com.juaracoding.slappium.LoginTest@69b2283a]" started-at="2022-01-23T10:20:46 WIB" name="test02InvalidLogin" description="Verify that a user cannot login to the application with invalid credentials" finished-at="2022-01-23T10:20:50 WIB" duration-ms="3654" status="FAIL">
          <exception class="java.lang.AssertionError">
            <message>
              <![CDATA[expected [Number of attempts remaining: 5] but found [Number of attempts remaining: 4]]]>
            </message>
            <full-stacktrace>
              <![CDATA[java.lang.AssertionError: expected [Number of attempts remaining: 5] but found [Number of attempts remaining: 4]
at org.testng.Assert.fail(Assert.java:99)
at org.testng.Assert.failNotEquals(Assert.java:1037)
at org.testng.Assert.assertEqualsImpl(Assert.java:140)
at org.testng.Assert.assertEquals(Assert.java:122)
at org.testng.Assert.assertEquals(Assert.java:629)
at org.testng.Assert.assertEquals(Assert.java:639)
at com.juaracoding.slappium.LoginTest.test02InvalidLogin(LoginTest.java:80)
at java.base/jdk.internal.reflect.NativeMethodAccessorImpl.invoke0(Native Method)
at java.base/jdk.internal.reflect.NativeMethodAccessorImpl.invoke(NativeMethodAccessorImpl.java:62)
at java.base/jdk.internal.reflect.DelegatingMethodAccessorImpl.invoke(DelegatingMethodAccessorImpl.java:43)
at java.base/java.lang.reflect.Method.invoke(Method.java:566)
at org.testng.internal.MethodInvocationHelper.invokeMethod(MethodInvocationHelper.java:133)
at org.testng.internal.TestInvoker.invokeMethod(TestInvoker.java:598)
at org.testng.internal.TestInvoker.invokeTestMethod(TestInvoker.java:173)
at org.testng.internal.MethodRunner.runInSequence(MethodRunner.java:46)
at org.testng.internal.TestInvoker$MethodInvocationAgent.invoke(TestInvoker.java:824)
at org.testng.internal.TestInvoker.invokeTestMethods(TestInvoker.java:146)
at org.testng.internal.TestMethodWorker.invokeTestMethods(TestMethodWorker.java:146)
at org.testng.internal.TestMethodWorker.run(TestMethodWorker.java:128)
at java.base/java.util.ArrayList.forEach(ArrayList.java:1541)
at org.testng.TestRunner.privateRun(TestRunner.java:794)
at org.testng.TestRunner.run(TestRunner.java:596)
at org.testng.SuiteRunner.runTest(SuiteRunner.java:377)
at org.testng.SuiteRunner.runSequentially(SuiteRunner.java:371)
at org.testng.SuiteRunner.privateRun(SuiteRunner.java:332)
at org.testng.SuiteRunner.run(SuiteRunner.java:276)
at org.testng.SuiteRunnerWorker.runSuite(SuiteRunnerWorker.java:53)
at org.testng.SuiteRunnerWorker.run(SuiteRunnerWorker.java:96)
at org.testng.TestNG.runSuitesSequentially(TestNG.java:1212)
at org.testng.TestNG.runSuitesLocally(TestNG.java:1134)
at org.testng.TestNG.runSuites(TestNG.java:1063)
at org.testng.TestNG.run(TestNG.java:1031)
at org.testng.remote.AbstractRemoteTestNG.run(AbstractRemoteTestNG.java:115)
at org.testng.remote.RemoteTestNG.initAndRun(RemoteTestNG.java:251)
at org.testng.remote.RemoteTestNG.main(RemoteTestNG.java:77)
]]>
            </full-stacktrace>
          </exception> <!-- java.lang.AssertionError -->
          <reporter-output>
          </reporter-output>
        </test-method> <!-- test02InvalidLogin -->
        <test-method is-config="true" signature="getResult(org.testng.ITestResult)[pri:0, instance:com.juaracoding.slappium.LoginTest@69b2283a]" started-at="2022-01-23T10:20:50 WIB" name="getResult" finished-at="2022-01-23T10:20:50 WIB" duration-ms="477" status="PASS">
          <params>
            <param index="0">
              <value>
                <![CDATA[[TestResult name=test02InvalidLogin status=FAILURE method=LoginTest.test02InvalidLogin()[pri:0, instance:com.juaracoding.slappium.LoginTest@69b2283a] output={null}]]]>
              </value>
            </param>
          </params>
          <reporter-output>
          </reporter-output>
        </test-method> <!-- getResult -->
        <test-method is-config="true" signature="endreport()[pri:0, instance:com.juaracoding.slappium.LoginTest@69b2283a]" started-at="2022-01-23T10:20:50 WIB" name="endreport" finished-at="2022-01-23T10:20:51 WIB" duration-ms="409" status="PASS">
          <reporter-output>
          </reporter-output>
        </test-method> <!-- endreport -->
      </class> <!-- com.juaracoding.slappium.LoginTest -->
    </test> <!-- Default test -->
  </suite> <!-- Default suite -->
</testng-results>
